This file contains any messages produced by compilers while
running configure, to aid debugging if configure makes a mistake.

It was created by RNAFeatures configure 1.0, which was
generated by GNU Autoconf 2.61.  Invocation command line was

  $ ./configure --no-create --no-recursion

## --------- ##
## Platform. ##
## --------- ##

hostname = ac111.keble.ox.ac.uk
uname -m = x86_64
uname -r = 10.7.4
uname -s = Darwin
uname -v = Darwin Kernel Version 10.7.4: Mon Apr 18 21:24:17 PDT 2011; root:xnu-1504.14.12~3/RELEASE_X86_64

/usr/bin/uname -p = i386
/bin/uname -X     = unknown

/bin/arch              = unknown
/usr/bin/arch -k       = unknown
/usr/convex/getsysinfo = unknown
/usr/bin/hostinfo      = Mach kernel version:
	 Darwin Kernel Version 10.7.4: Mon Apr 18 21:24:17 PDT 2011; root:xnu-1504.14.12~3/RELEASE_X86_64
Kernel configured for up to 8 processors.
4 processors are physically available.
8 processors are logically available.
Processor type: i486 (Intel 80486)
Processors active: 0 1 2 3 4 5 6 7
Primary memory available: 8.00 gigabytes
Default processor set: 97 tasks, 539 threads, 8 processors
Load average: 2.13, Mach factor: 5.85
/bin/machine           = unknown
/usr/bin/oslevel       = unknown
/bin/universe          = unknown

PATH: /Users/katsuyanoguchi/.rvm/gems/ruby-1.9.2-p180@rails3tutorial/bin
PATH: /Users/katsuyanoguchi/.rvm/gems/ruby-1.9.2-p180@global/bin
PATH: /Users/katsuyanoguchi/.rvm/rubies/ruby-1.9.2-p180/bin
PATH: /Users/katsuyanoguchi/.rvm/bin
PATH: /usr/local/bin
PATH: /usr/local/sbin
PATH: /usr/local/mysql/bin
PATH: /usr/bin
PATH: /bin
PATH: /usr/sbin
PATH: /sbin
PATH: /usr/local/bin
PATH: /usr/local/git/bin
PATH: /usr/texbin
PATH: /usr/X11/bin
PATH: /opt/local/bin


## ----------- ##
## Core tests. ##
## ----------- ##

configure:1785: checking for a BSD-compatible install
configure:1841: result: /usr/bin/install -c
configure:1852: checking whether build environment is sane
configure:1895: result: yes
configure:1923: checking for a thread-safe mkdir -p
configure:1962: result: ./install-sh -c -d
configure:1975: checking for gawk
configure:2005: result: no
configure:1975: checking for mawk
configure:2005: result: no
configure:1975: checking for nawk
configure:2005: result: no
configure:1975: checking for awk
configure:1991: found /usr/bin/awk
configure:2002: result: awk
configure:2013: checking whether make sets $(MAKE)
configure:2034: result: yes
configure:2271: checking for gcc
configure:2287: found /usr/bin/gcc
configure:2298: result: gcc
configure:2536: checking for C compiler version
configure:2543: gcc --version >&5
i686-apple-darwin10-gcc-4.2.1 (GCC) 4.2.1 (Apple Inc. build 5666) (dot 3)
Copyright (C) 2007 Free Software Foundation, Inc.
This is free software; see the source for copying conditions.  There is NO
warranty; not even for MERCHANTABILITY or FITNESS FOR A PARTICULAR PURPOSE.

configure:2546: $? = 0
configure:2553: gcc -v >&5
Using built-in specs.
Target: i686-apple-darwin10
Configured with: /var/tmp/gcc/gcc-5666.3~6/src/configure --disable-checking --enable-werror --prefix=/usr --mandir=/share/man --enable-languages=c,objc,c++,obj-c++ --program-transform-name=/^[cg][^.-]*$/s/$/-4.2/ --with-slibdir=/usr/lib --build=i686-apple-darwin10 --program-prefix=i686-apple-darwin10- --host=x86_64-apple-darwin10 --target=i686-apple-darwin10 --with-gxx-include-dir=/include/c++/4.2.1
Thread model: posix
gcc version 4.2.1 (Apple Inc. build 5666) (dot 3)
configure:2556: $? = 0
configure:2563: gcc -V >&5
gcc-4.2: argument to `-V' is missing
configure:2566: $? = 1
configure:2589: checking for C compiler default output file name
configure:2616: gcc    conftest.c  >&5
configure:2619: $? = 0
configure:2657: result: a.out
configure:2674: checking whether the C compiler works
configure:2684: ./a.out
configure:2687: $? = 0
configure:2704: result: yes
configure:2711: checking whether we are cross compiling
configure:2713: result: no
configure:2716: checking for suffix of executables
configure:2723: gcc -o conftest    conftest.c  >&5
configure:2726: $? = 0
configure:2750: result: 
configure:2756: checking for suffix of object files
configure:2782: gcc -c   conftest.c >&5
configure:2785: $? = 0
configure:2808: result: o
configure:2812: checking whether we are using the GNU C compiler
configure:2841: gcc -c   conftest.c >&5
configure:2847: $? = 0
configure:2864: result: yes
configure:2869: checking whether gcc accepts -g
configure:2899: gcc -c -g  conftest.c >&5
configure:2905: $? = 0
configure:3004: result: yes
configure:3021: checking for gcc option to accept ISO C89
configure:3095: gcc  -c -g -O2  conftest.c >&5
configure:3101: $? = 0
configure:3124: result: none needed
configure:3153: checking for style of include used by make
configure:3181: result: GNU
configure:3206: checking dependency style of gcc
configure:3297: result: gcc3
configure:3337: checking how to run the C preprocessor
configure:3377: gcc -E  conftest.c
configure:3383: $? = 0
configure:3414: gcc -E  conftest.c
conftest.c:11:28: error: ac_nonexistent.h: No such file or directory
configure:3420: $? = 1
configure: failed program was:
| /* confdefs.h.  */
| #define PACKAGE_NAME "RNAFeatures"
| #define PACKAGE_TARNAME "RNAFeatures"
| #define PACKAGE_VERSION "1.0"
| #define PACKAGE_STRING "RNAFeatures 1.0"
| #define PACKAGE_BUGREPORT "katsuya.noguchi@gmail.com"
| #define PACKAGE "RNAFeatures"
| #define VERSION "1.0"
| #define UNUSED __attribute__ ((unused))
| /* end confdefs.h.  */
| #include <ac_nonexistent.h>
configure:3453: result: gcc -E
configure:3482: gcc -E  conftest.c
configure:3488: $? = 0
configure:3519: gcc -E  conftest.c
conftest.c:11:28: error: ac_nonexistent.h: No such file or directory
configure:3525: $? = 1
configure: failed program was:
| /* confdefs.h.  */
| #define PACKAGE_NAME "RNAFeatures"
| #define PACKAGE_TARNAME "RNAFeatures"
| #define PACKAGE_VERSION "1.0"
| #define PACKAGE_STRING "RNAFeatures 1.0"
| #define PACKAGE_BUGREPORT "katsuya.noguchi@gmail.com"
| #define PACKAGE "RNAFeatures"
| #define VERSION "1.0"
| #define UNUSED __attribute__ ((unused))
| /* end confdefs.h.  */
| #include <ac_nonexistent.h>
configure:3563: checking for grep that handles long lines and -e
configure:3637: result: /usr/bin/grep
configure:3642: checking for egrep
configure:3720: result: /usr/bin/grep -E
configure:3725: checking for ANSI C header files
configure:3755: gcc -c -g -O2  conftest.c >&5
configure:3761: $? = 0
configure:3860: gcc -o conftest -g -O2   conftest.c  >&5
configure:3863: $? = 0
configure:3869: ./conftest
configure:3872: $? = 0
configure:3889: result: yes
configure:3913: checking for sys/types.h
configure:3934: gcc -c -g -O2  conftest.c >&5
configure:3940: $? = 0
configure:3956: result: yes
configure:3913: checking for sys/stat.h
configure:3934: gcc -c -g -O2  conftest.c >&5
configure:3940: $? = 0
configure:3956: result: yes
configure:3913: checking for stdlib.h
configure:3934: gcc -c -g -O2  conftest.c >&5
configure:3940: $? = 0
configure:3956: result: yes
configure:3913: checking for string.h
configure:3934: gcc -c -g -O2  conftest.c >&5
configure:3940: $? = 0
configure:3956: result: yes
configure:3913: checking for memory.h
configure:3934: gcc -c -g -O2  conftest.c >&5
configure:3940: $? = 0
configure:3956: result: yes
configure:3913: checking for strings.h
configure:3934: gcc -c -g -O2  conftest.c >&5
configure:3940: $? = 0
configure:3956: result: yes
configure:3913: checking for inttypes.h
configure:3934: gcc -c -g -O2  conftest.c >&5
configure:3940: $? = 0
configure:3956: result: yes
configure:3913: checking for stdint.h
configure:3934: gcc -c -g -O2  conftest.c >&5
configure:3940: $? = 0
configure:3956: result: yes
configure:3913: checking for unistd.h
configure:3934: gcc -c -g -O2  conftest.c >&5
configure:3940: $? = 0
configure:3956: result: yes
configure:3985: checking malloc.h usability
configure:4002: gcc -c -g -O2  conftest.c >&5
conftest.c:54:20: error: malloc.h: No such file or directory
configure:4008: $? = 1
configure: failed program was:
| /* confdefs.h.  */
| #define PACKAGE_NAME "RNAFeatures"
| #define PACKAGE_TARNAME "RNAFeatures"
| #define PACKAGE_VERSION "1.0"
| #define PACKAGE_STRING "RNAFeatures 1.0"
| #define PACKAGE_BUGREPORT "katsuya.noguchi@gmail.com"
| #define PACKAGE "RNAFeatures"
| #define VERSION "1.0"
| #define UNUSED __attribute__ ((unused))
| #define STDC_HEADERS 1
| #define HAVE_SYS_TYPES_H 1
| #define HAVE_SYS_STAT_H 1
| #define HAVE_STDLIB_H 1
| #define HAVE_STRING_H 1
| #define HAVE_MEMORY_H 1
| #define HAVE_STRINGS_H 1
| #define HAVE_INTTYPES_H 1
| #define HAVE_STDINT_H 1
| #define HAVE_UNISTD_H 1
| /* end confdefs.h.  */
| #include <stdio.h>
| #ifdef HAVE_SYS_TYPES_H
| # include <sys/types.h>
| #endif
| #ifdef HAVE_SYS_STAT_H
| # include <sys/stat.h>
| #endif
| #ifdef STDC_HEADERS
| # include <stdlib.h>
| # include <stddef.h>
| #else
| # ifdef HAVE_STDLIB_H
| #  include <stdlib.h>
| # endif
| #endif
| #ifdef HAVE_STRING_H
| # if !defined STDC_HEADERS && defined HAVE_MEMORY_H
| #  include <memory.h>
| # endif
| # include <string.h>
| #endif
| #ifdef HAVE_STRINGS_H
| # include <strings.h>
| #endif
| #ifdef HAVE_INTTYPES_H
| # include <inttypes.h>
| #endif
| #ifdef HAVE_STDINT_H
| # include <stdint.h>
| #endif
| #ifdef HAVE_UNISTD_H
| # include <unistd.h>
| #endif
| #include <malloc.h>
configure:4022: result: no
configure:4026: checking malloc.h presence
configure:4041: gcc -E  conftest.c
conftest.c:21:20: error: malloc.h: No such file or directory
configure:4047: $? = 1
configure: failed program was:
| /* confdefs.h.  */
| #define PACKAGE_NAME "RNAFeatures"
| #define PACKAGE_TARNAME "RNAFeatures"
| #define PACKAGE_VERSION "1.0"
| #define PACKAGE_STRING "RNAFeatures 1.0"
| #define PACKAGE_BUGREPORT "katsuya.noguchi@gmail.com"
| #define PACKAGE "RNAFeatures"
| #define VERSION "1.0"
| #define UNUSED __attribute__ ((unused))
| #define STDC_HEADERS 1
| #define HAVE_SYS_TYPES_H 1
| #define HAVE_SYS_STAT_H 1
| #define HAVE_STDLIB_H 1
| #define HAVE_STRING_H 1
| #define HAVE_MEMORY_H 1
| #define HAVE_STRINGS_H 1
| #define HAVE_INTTYPES_H 1
| #define HAVE_STDINT_H 1
| #define HAVE_UNISTD_H 1
| /* end confdefs.h.  */
| #include <malloc.h>
configure:4061: result: no
configure:4094: checking for malloc.h
configure:4102: result: no
configure:3975: checking for strings.h
configure:3981: result: yes
configure:3975: checking for unistd.h
configure:3981: result: yes
configure:4115: checking for an ANSI C-conforming const
configure:4190: gcc -c -g -O2  conftest.c >&5
configure:4196: $? = 0
configure:4211: result: yes
configure:4221: checking for size_t
configure:4251: gcc -c -g -O2  conftest.c >&5
configure:4257: $? = 0
configure:4272: result: yes
configure:4284: checking for inline
configure:4310: gcc -c -g -O2  conftest.c >&5
configure:4316: $? = 0
configure:4334: result: inline
configure:4361: checking for strdup
configure:4417: gcc -o conftest -g -O2   conftest.c  >&5
conftest.c:46: warning: conflicting types for built-in function 'strdup'
configure:4423: $? = 0
configure:4441: result: yes
configure:4361: checking for strstr
configure:4417: gcc -o conftest -g -O2   conftest.c  >&5
conftest.c:47: warning: conflicting types for built-in function 'strstr'
configure:4423: $? = 0
configure:4441: result: yes
configure:4361: checking for strchr
configure:4417: gcc -o conftest -g -O2   conftest.c  >&5
conftest.c:48: warning: conflicting types for built-in function 'strchr'
configure:4423: $? = 0
configure:4441: result: yes
configure:4361: checking for erand48
configure:4417: gcc -o conftest -g -O2   conftest.c  >&5
configure:4423: $? = 0
configure:4441: result: yes
configure:4510: checking for g++
configure:4526: found /usr/bin/g++
configure:4537: result: g++
configure:4568: checking for C++ compiler version
configure:4575: g++ --version >&5
i686-apple-darwin10-g++-4.2.1 (GCC) 4.2.1 (Apple Inc. build 5666) (dot 3)
Copyright (C) 2007 Free Software Foundation, Inc.
This is free software; see the source for copying conditions.  There is NO
warranty; not even for MERCHANTABILITY or FITNESS FOR A PARTICULAR PURPOSE.

configure:4578: $? = 0
configure:4585: g++ -v >&5
Using built-in specs.
Target: i686-apple-darwin10
Configured with: /var/tmp/gcc/gcc-5666.3~6/src/configure --disable-checking --enable-werror --prefix=/usr --mandir=/share/man --enable-languages=c,objc,c++,obj-c++ --program-transform-name=/^[cg][^.-]*$/s/$/-4.2/ --with-slibdir=/usr/lib --build=i686-apple-darwin10 --program-prefix=i686-apple-darwin10- --host=x86_64-apple-darwin10 --target=i686-apple-darwin10 --with-gxx-include-dir=/include/c++/4.2.1
Thread model: posix
gcc version 4.2.1 (Apple Inc. build 5666) (dot 3)
configure:4588: $? = 0
configure:4595: g++ -V >&5
g++-4.2: argument to `-V' is missing
configure:4598: $? = 1
configure:4601: checking whether we are using the GNU C++ compiler
configure:4630: g++ -c   conftest.cpp >&5
configure:4636: $? = 0
configure:4653: result: yes
configure:4658: checking whether g++ accepts -g
configure:4688: g++ -c -g  conftest.cpp >&5
configure:4694: $? = 0
configure:4793: result: yes
configure:4818: checking dependency style of g++
configure:4909: result: gcc3
configure:4968: checking for ranlib
configure:4984: found /usr/bin/ranlib
configure:4995: result: ranlib
configure:5035: checking for a BSD-compatible install
configure:5091: result: /usr/bin/install -c
configure:5229: creating ./config.status

## ---------------- ##
## Cache variables. ##
## ---------------- ##

ac_cv_c_compiler_gnu=yes
ac_cv_c_const=yes
ac_cv_c_inline=inline
ac_cv_cxx_compiler_gnu=yes
ac_cv_env_CCC_set=
ac_cv_env_CCC_value=
ac_cv_env_CC_set=
ac_cv_env_CC_value=
ac_cv_env_CFLAGS_set=
ac_cv_env_CFLAGS_value=
ac_cv_env_CPPFLAGS_set=
ac_cv_env_CPPFLAGS_value=
ac_cv_env_CPP_set=
ac_cv_env_CPP_value=
ac_cv_env_CXXFLAGS_set=
ac_cv_env_CXXFLAGS_value=
ac_cv_env_CXX_set=
ac_cv_env_CXX_value=
ac_cv_env_LDFLAGS_set=
ac_cv_env_LDFLAGS_value=
ac_cv_env_LIBS_set=
ac_cv_env_LIBS_value=
ac_cv_env_build_alias_set=
ac_cv_env_build_alias_value=
ac_cv_env_host_alias_set=
ac_cv_env_host_alias_value=
ac_cv_env_target_alias_set=
ac_cv_env_target_alias_value=
ac_cv_func_erand48=yes
ac_cv_func_strchr=yes
ac_cv_func_strdup=yes
ac_cv_func_strstr=yes
ac_cv_header_inttypes_h=yes
ac_cv_header_malloc_h=no
ac_cv_header_memory_h=yes
ac_cv_header_stdc=yes
ac_cv_header_stdint_h=yes
ac_cv_header_stdlib_h=yes
ac_cv_header_string_h=yes
ac_cv_header_strings_h=yes
ac_cv_header_sys_stat_h=yes
ac_cv_header_sys_types_h=yes
ac_cv_header_unistd_h=yes
ac_cv_objext=o
ac_cv_path_EGREP='/usr/bin/grep -E'
ac_cv_path_GREP=/usr/bin/grep
ac_cv_path_install='/usr/bin/install -c'
ac_cv_prog_AWK=awk
ac_cv_prog_CPP='gcc -E'
ac_cv_prog_ac_ct_CC=gcc
ac_cv_prog_ac_ct_CXX=g++
ac_cv_prog_ac_ct_RANLIB=ranlib
ac_cv_prog_cc_c89=
ac_cv_prog_cc_g=yes
ac_cv_prog_cxx_g=yes
ac_cv_prog_make_make_set=yes
ac_cv_type_size_t=yes
am_cv_CC_dependencies_compiler_type=gcc3
am_cv_CXX_dependencies_compiler_type=gcc3

## ----------------- ##
## Output variables. ##
## ----------------- ##

ACLOCAL='${SHELL} /Users/katsuyanoguchi/Documents/Development/git-workspace/rna_features/missing --run aclocal-1.10'
AMDEPBACKSLASH='\'
AMDEP_FALSE='#'
AMDEP_TRUE=''
AMTAR='${SHELL} /Users/katsuyanoguchi/Documents/Development/git-workspace/rna_features/missing --run tar'
AUTOCONF='${SHELL} /Users/katsuyanoguchi/Documents/Development/git-workspace/rna_features/missing --run autoconf'
AUTOHEADER='${SHELL} /Users/katsuyanoguchi/Documents/Development/git-workspace/rna_features/missing --run autoheader'
AUTOMAKE='${SHELL} /Users/katsuyanoguchi/Documents/Development/git-workspace/rna_features/missing --run automake-1.10'
AWK='awk'
CC='gcc'
CCDEPMODE='depmode=gcc3'
CFLAGS='-g -O2'
CPP='gcc -E'
CPPFLAGS=''
CXX='g++'
CXXDEPMODE='depmode=gcc3'
CXXFLAGS='-g -O2'
CYGPATH_W='echo'
DEFS='-DHAVE_CONFIG_H'
DEPDIR='.deps'
ECHO_C='ECHO_N=''
ECHO_T=''
EGREP='/usr/bin/grep -E'
EXEEXT=''
GREP='/usr/bin/grep'
INSTALL_DATA='${INSTALL} -m 644'
INSTALL_PROGRAM='${INSTALL}'
INSTALL_SCRIPT='${INSTALL}'
INSTALL_STRIP_PROGRAM='$(install_sh) -c -s'
ISODATE='2011-06-29'
LDFLAGS=''
LIBOBJS=''
LIBS=''
LTLIBOBJS=''
MAKEINFO='${SHELL} /Users/katsuyanoguchi/Documents/Development/git-workspace/rna_features/missing --run makeinfo'
OBJEXT='o'
PACKAGE='RNAFeatures'
PACKAGE_BUGREPORT='katsuya.noguchi@gmail.com'
PACKAGE_NAME='RNAFeatures'
PACKAGE_STRING='RNAFeatures 1.0'
PACKAGE_TARNAME='RNAFeatures'
PACKAGE_VERSION='1.0'
PATH_SEPARATOR=':'
RANLIB='ranlib'
SET_MAKE=''
SHELL='/bin/sh'
STRIP=''
VERSION='1.0'
ac_ct_CC='gcc'
ac_ct_CXX='g++'
am__fastdepCC_FALSE='#'
am__fastdepCC_TRUE=''
am__fastdepCXX_FALSE='#'
am__fastdepCXX_TRUE=''
am__include='include'
am__isrc=''
am__leading_dot='.'
am__quote=''
am__tar='${AMTAR} chof - "$$tardir"'
am__untar='${AMTAR} xf -'
bindir='${exec_prefix}/bin'
build_alias=''
datadir='${datarootdir}'
datarootdir='${prefix}/share'
docdir='${datarootdir}/doc/${PACKAGE_TARNAME}'
dvidir='${docdir}'
exec_prefix='${prefix}'
host_alias=''
htmldir='${docdir}'
includedir='${prefix}/include'
infodir='${datarootdir}/info'
install_sh='$(SHELL) /Users/katsuyanoguchi/Documents/Development/git-workspace/rna_features/install-sh'
libdir='${exec_prefix}/lib'
libexecdir='${exec_prefix}/libexec'
localedir='${datarootdir}/locale'
localstatedir='${prefix}/var'
mandir='${datarootdir}/man'
mkdir_p='$(top_builddir)/./install-sh -c -d'
oldincludedir='/usr/include'
pdfdir='${docdir}'
prefix='/usr/local'
program_transform_name='s,x,x,'
psdir='${docdir}'
sbindir='${exec_prefix}/sbin'
sharedstatedir='${prefix}/com'
sysconfdir='${prefix}/etc'
target_alias=''

## ----------- ##
## confdefs.h. ##
## ----------- ##

#define PACKAGE_NAME "RNAFeatures"
#define PACKAGE_TARNAME "RNAFeatures"
#define PACKAGE_VERSION "1.0"
#define PACKAGE_STRING "RNAFeatures 1.0"
#define PACKAGE_BUGREPORT "katsuya.noguchi@gmail.com"
#define PACKAGE "RNAFeatures"
#define VERSION "1.0"
#define UNUSED __attribute__ ((unused))
#define STDC_HEADERS 1
#define HAVE_SYS_TYPES_H 1
#define HAVE_SYS_STAT_H 1
#define HAVE_STDLIB_H 1
#define HAVE_STRING_H 1
#define HAVE_MEMORY_H 1
#define HAVE_STRINGS_H 1
#define HAVE_INTTYPES_H 1
#define HAVE_STDINT_H 1
#define HAVE_UNISTD_H 1
#define HAVE_STRINGS_H 1
#define HAVE_UNISTD_H 1
#define HAVE_STRDUP 1
#define HAVE_STRSTR 1
#define HAVE_STRCHR 1
#define HAVE_ERAND48 1

configure: exit 0

## ---------------------- ##
## Running config.status. ##
## ---------------------- ##

This file was extended by RNAFeatures config.status 1.0, which was
generated by GNU Autoconf 2.61.  Invocation command line was

  CONFIG_FILES    = 
  CONFIG_HEADERS  = 
  CONFIG_LINKS    = 
  CONFIG_COMMANDS = 
  $ ./config.status 

on ac111.keble.ox.ac.uk

config.status:646: creating Makefile
config.status:646: creating lib_rna_features/Makefile
config.status:646: creating librna/Makefile
config.status:646: creating src/Makefile
config.status:646: creating config.h
config.status:925: executing depfiles commands
